<?xml version="1.0" encoding="UTF-8"?>
<!-- Generated by org.testng.reporters.JUnitXMLReporter -->
<testsuite ignored="2" hostname="Rupam" failures="0" tests="1" name="Default test" time="7.025" errors="0" timestamp="2024-10-24T19:13:47 IST">
  <testcase classname="com.mystore.testCase.surch" name="non_valid_inpute_surch" time="2.401"/>
  <testcase classname="com.mystore.testCase.surch" name="without_any_surch" time="0.0">
    <ignored/>
  </testcase> <!-- without_any_surch -->
  <testcase classname="com.mystore.testCase.surch" name="surch" time="0.0">
    <ignored/>
  </testcase> <!-- surch -->
</testsuite> <!-- Default test -->
